<?xml version="1.0" encoding="UTF-8"?>
<testng-results ignored="0" total="1" passed="1" failed="0" skipped="0">
  <reporter-output>
  </reporter-output>
  <suite started-at="2022-12-08T13:52:06 NZDT" name="Default suite" finished-at="2022-12-08T13:52:06 NZDT" duration-ms="92">
    <groups>
    </groups>
    <test started-at="2022-12-08T13:52:06 NZDT" name="Default test" finished-at="2022-12-08T13:52:06 NZDT" duration-ms="92">
      <class name="Test_Day3.Arrays6">
        <test-method signature="main()[pri:0, instance:Test_Day3.Arrays6@159f197]" started-at="2022-12-08T13:52:06 NZDT" name="main" finished-at="2022-12-08T13:52:06 NZDT" duration-ms="19" status="PASS">
          <reporter-output>
          </reporter-output>
        </test-method> <!-- main -->
      </class> <!-- Test_Day3.Arrays6 -->
    </test> <!-- Default test -->
  </suite> <!-- Default suite -->
</testng-results>
