<?xml version="1.0" encoding="UTF-8"?>
<testng-results ignored="0" total="1" passed="1" failed="0" skipped="0">
  <reporter-output>
  </reporter-output>
  <suite started-at="2023-05-11T09:57:28 IST" name="Default suite" finished-at="2023-05-11T09:57:44 IST" duration-ms="15464">
    <groups>
    </groups>
    <test started-at="2023-05-11T09:57:28 IST" name="Default test" finished-at="2023-05-11T09:57:44 IST" duration-ms="15464">
      <class name="G_PageObjectModel.RegistrationTest2">
        <test-method signature="VerifyFlightReg()[pri:0, instance:G_PageObjectModel.RegistrationTest2@323b36e0]" started-at="2023-05-11T09:57:28 IST" name="VerifyFlightReg" finished-at="2023-05-11T09:57:44 IST" duration-ms="15393" status="PASS">
          <reporter-output>
          </reporter-output>
        </test-method> <!-- VerifyFlightReg -->
      </class> <!-- G_PageObjectModel.RegistrationTest2 -->
    </test> <!-- Default test -->
  </suite> <!-- Default suite -->
</testng-results>
