<?xml version="1.0" encoding="UTF-8"?>
<testng-results ignored="0" total="10" passed="10" failed="0" skipped="0">
  <reporter-output>
  </reporter-output>
  <suite started-at="2023-01-16T20:34:41 NZDT" name="Suite" finished-at="2023-01-16T20:34:45 NZDT" duration-ms="4237">
    <groups>
    </groups>
    <test started-at="2023-01-16T20:34:41 NZDT" name="Test" finished-at="2023-01-16T20:34:43 NZDT" duration-ms="2088">
      <class name="Intro_Testng_Framework.Demo3">
        <test-method signature="vasu()[pri:0, instance:Intro_Testng_Framework.Demo3@294425a7]" started-at="2023-01-16T20:34:41 NZDT" name="vasu" finished-at="2023-01-16T20:34:43 NZDT" duration-ms="2016" status="PASS">
          <reporter-output>
          </reporter-output>
        </test-method> <!-- vasu -->
      </class> <!-- Intro_Testng_Framework.Demo3 -->
      <class name="Intro_Testng_Framework.Demo2">
        <test-method signature="method01()[pri:0, instance:Intro_Testng_Framework.Demo2@6379eb]" started-at="2023-01-16T20:34:41 NZDT" name="method01" finished-at="2023-01-16T20:34:41 NZDT" duration-ms="16" status="PASS">
          <reporter-output>
          </reporter-output>
        </test-method> <!-- method01 -->
      </class> <!-- Intro_Testng_Framework.Demo2 -->
      <class name="Intro_Testng_Framework.Demo1">
        <test-method signature="Gopiraj(java.lang.String)[pri:0, instance:Intro_Testng_Framework.Demo1@661972b0]" started-at="2023-01-16T20:34:41 NZDT" name="Gopiraj" finished-at="2023-01-16T20:34:41 NZDT" duration-ms="15" status="PASS">
          <params>
            <param index="0">
              <value>
                <![CDATA[www.google.com]]>
              </value>
            </param>
          </params>
          <reporter-output>
          </reporter-output>
        </test-method> <!-- Gopiraj -->
        <test-method signature="method2()[pri:0, instance:Intro_Testng_Framework.Demo1@661972b0]" started-at="2023-01-16T20:34:41 NZDT" name="method2" finished-at="2023-01-16T20:34:41 NZDT" duration-ms="3" status="PASS">
          <reporter-output>
          </reporter-output>
        </test-method> <!-- method2 -->
        <test-method signature="patil()[pri:0, instance:Intro_Testng_Framework.Demo1@661972b0]" started-at="2023-01-16T20:34:41 NZDT" name="patil" finished-at="2023-01-16T20:34:41 NZDT" duration-ms="1" status="PASS">
          <reporter-output>
          </reporter-output>
        </test-method> <!-- patil -->
      </class> <!-- Intro_Testng_Framework.Demo1 -->
    </test> <!-- Test -->
    <test started-at="2023-01-16T20:34:43 NZDT" name="Test1" finished-at="2023-01-16T20:34:45 NZDT" duration-ms="2011">
      <class name="Intro_Testng_Framework.Demo3">
        <test-method signature="vasu()[pri:0, instance:Intro_Testng_Framework.Demo3@799f10e1]" started-at="2023-01-16T20:34:43 NZDT" name="vasu" finished-at="2023-01-16T20:34:45 NZDT" duration-ms="2005" status="PASS">
          <reporter-output>
          </reporter-output>
        </test-method> <!-- vasu -->
      </class> <!-- Intro_Testng_Framework.Demo3 -->
      <class name="Intro_Testng_Framework.Demo2">
        <test-method signature="method01()[pri:0, instance:Intro_Testng_Framework.Demo2@18078bef]" started-at="2023-01-16T20:34:43 NZDT" name="method01" finished-at="2023-01-16T20:34:43 NZDT" duration-ms="2" status="PASS">
          <reporter-output>
          </reporter-output>
        </test-method> <!-- method01 -->
      </class> <!-- Intro_Testng_Framework.Demo2 -->
      <class name="Intro_Testng_Framework.Demo1">
        <test-method signature="Gopiraj(java.lang.String)[pri:0, instance:Intro_Testng_Framework.Demo1@689604d9]" started-at="2023-01-16T20:34:43 NZDT" name="Gopiraj" finished-at="2023-01-16T20:34:43 NZDT" duration-ms="4" status="PASS">
          <params>
            <param index="0">
              <value>
                <![CDATA[www.youtube.com]]>
              </value>
            </param>
          </params>
          <reporter-output>
          </reporter-output>
        </test-method> <!-- Gopiraj -->
        <test-method signature="method2()[pri:0, instance:Intro_Testng_Framework.Demo1@689604d9]" started-at="2023-01-16T20:34:43 NZDT" name="method2" finished-at="2023-01-16T20:34:43 NZDT" duration-ms="2" status="PASS">
          <reporter-output>
          </reporter-output>
        </test-method> <!-- method2 -->
        <test-method signature="patil()[pri:0, instance:Intro_Testng_Framework.Demo1@689604d9]" started-at="2023-01-16T20:34:43 NZDT" name="patil" finished-at="2023-01-16T20:34:43 NZDT" duration-ms="1" status="PASS">
          <reporter-output>
          </reporter-output>
        </test-method> <!-- patil -->
      </class> <!-- Intro_Testng_Framework.Demo1 -->
    </test> <!-- Test1 -->
  </suite> <!-- Suite -->
</testng-results>
