<?xml version="1.0" encoding="UTF-8"?>
<testng-results ignored="0" total="1" passed="1" failed="0" skipped="0">
  <reporter-output>
  </reporter-output>
  <suite started-at="2022-12-04T21:23:56 NZDT" name="Default suite" finished-at="2022-12-04T21:23:56 NZDT" duration-ms="92">
    <groups>
    </groups>
    <test started-at="2022-12-04T21:23:56 NZDT" name="Default test" finished-at="2022-12-04T21:23:56 NZDT" duration-ms="92">
      <class name="Intro_Testng_framework.Demo002">
        <test-method signature="method01()[pri:0, instance:Intro_Testng_framework.Demo002@1ea9f6af]" started-at="2022-12-04T21:23:56 NZDT" name="method01" finished-at="2022-12-04T21:23:56 NZDT" duration-ms="17" status="PASS">
          <reporter-output>
          </reporter-output>
        </test-method> <!-- method01 -->
      </class> <!-- Intro_Testng_framework.Demo002 -->
    </test> <!-- Default test -->
  </suite> <!-- Default suite -->
</testng-results>
