<?xml version="1.0" encoding="UTF-8"?>
<!-- Generated by org.testng.reporters.JUnitXMLReporter -->
<testsuite ignored="0" hostname="KALPESH" failures="0" tests="5" name="Test1" time="2.011" errors="0" timestamp="2023-01-16T20:34:45 NZDT">
  <testcase classname="Intro_Testng_Framework.Demo2" name="method01" time="0.002"/>
  <testcase classname="Intro_Testng_Framework.Demo1" name="Gopiraj" time="0.004"/>
  <testcase classname="Intro_Testng_Framework.Demo1" name="method2" time="0.002"/>
  <testcase classname="Intro_Testng_Framework.Demo1" name="patil" time="0.001"/>
  <testcase classname="Intro_Testng_Framework.Demo3" name="vasu" time="2.005"/>
</testsuite> <!-- Test1 -->
