<?xml version="1.0" encoding="UTF-8"?>
<!-- Generated by org.testng.reporters.JUnitXMLReporter -->
<testsuite ignored="0" hostname="KALPESH" failures="0" tests="4" name="Test" time="8.786" errors="0" timestamp="2023-03-04T11:50:24 IST">
  <testcase classname="I_API_Chaining.CreateUser" name="test_createUser" time="5.399"/>
  <testcase classname="I_API_Chaining.UpdateUser" name="test_UpdateUser" time="1.523"/>
  <testcase classname="I_API_Chaining.Get_Usersdata" name="test_GetUser" time="1.165"/>
  <testcase classname="I_API_Chaining.DeleteUser" name="test_DeleteUser" time="0.613"/>
</testsuite> <!-- Test -->
