<?xml version="1.0" encoding="UTF-8"?>
<testng-results ignored="0" total="1" passed="1" failed="0" skipped="0">
  <reporter-output>
  </reporter-output>
  <suite started-at="2022-12-27T22:58:04 NZDT" name="Default suite" finished-at="2022-12-27T22:58:28 NZDT" duration-ms="24814">
    <groups>
    </groups>
    <test started-at="2022-12-27T22:58:04 NZDT" name="Default test" finished-at="2022-12-27T22:58:28 NZDT" duration-ms="24814">
      <class name="PageObjectModel.RegistrationTest1">
        <test-method signature="VerifyFlightReg()[pri:0, instance:PageObjectModel.RegistrationTest1@7fa98a66]" started-at="2022-12-27T22:58:04 NZDT" name="VerifyFlightReg" finished-at="2022-12-27T22:58:28 NZDT" duration-ms="24747" status="PASS">
          <reporter-output>
          </reporter-output>
        </test-method> <!-- VerifyFlightReg -->
      </class> <!-- PageObjectModel.RegistrationTest1 -->
    </test> <!-- Default test -->
  </suite> <!-- Default suite -->
</testng-results>
