<?xml version="1.0" encoding="UTF-8"?>
<!-- Generated by org.testng.reporters.JUnitXMLReporter -->
<testsuite ignored="3" hostname="KALPESH" failures="0" tests="1" name="Default test" time="9.958" errors="0" timestamp="2023-06-10T18:20:27 IST">
  <testcase classname="a_Https_Requests.a_HTTPS_Requests" name="getUsers" time="9.889"/>
  <testcase classname="a_Https_Requests.a_HTTPS_Requests" name="DeleteUser" time="0.0">
    <ignored/>
  </testcase> <!-- DeleteUser -->
  <testcase classname="a_Https_Requests.a_HTTPS_Requests" name="createUser1" time="0.0">
    <ignored/>
  </testcase> <!-- createUser1 -->
  <testcase classname="a_Https_Requests.a_HTTPS_Requests" name="UpdateUser" time="0.0">
    <ignored/>
  </testcase> <!-- UpdateUser -->
</testsuite> <!-- Default test -->
