<?xml version="1.0" encoding="UTF-8"?>
<testng-results ignored="3" total="4" passed="1" failed="0" skipped="0">
  <reporter-output>
  </reporter-output>
  <suite started-at="2023-06-10T18:20:17 IST" name="Default suite" finished-at="2023-06-10T18:20:27 IST" duration-ms="9958">
    <groups>
    </groups>
    <test started-at="2023-06-10T18:20:17 IST" name="Default test" finished-at="2023-06-10T18:20:27 IST" duration-ms="9958">
      <class name="a_Https_Requests.a_HTTPS_Requests">
        <test-method signature="getUsers()[pri:1, instance:a_Https_Requests.a_HTTPS_Requests@4ac3c60d]" started-at="2023-06-10T18:20:17 IST" name="getUsers" finished-at="2023-06-10T18:20:26 IST" duration-ms="9889" status="PASS">
          <reporter-output>
          </reporter-output>
        </test-method> <!-- getUsers -->
      </class> <!-- a_Https_Requests.a_HTTPS_Requests -->
    </test> <!-- Default test -->
  </suite> <!-- Default suite -->
</testng-results>
