<?xml version="1.0" encoding="UTF-8"?>
<testng-results ignored="0" total="1" passed="1" failed="0" skipped="0">
  <reporter-output>
  </reporter-output>
  <suite started-at="2023-06-11T21:08:24 IST" name="Default suite" finished-at="2023-06-11T21:08:55 IST" duration-ms="31019">
    <groups>
    </groups>
    <test started-at="2023-06-11T21:08:24 IST" name="Default test" finished-at="2023-06-11T21:08:55 IST" duration-ms="31019">
      <class name="expedia.Testcases.TC_SignInTest_001">
        <test-method is-config="true" signature="initializeBrowser()[pri:0, instance:expedia.Testcases.TC_SignInTest_001@1189dd52]" started-at="2023-06-11T21:08:24 IST" name="initializeBrowser" finished-at="2023-06-11T21:08:51 IST" duration-ms="27232" status="PASS">
          <reporter-output>
          </reporter-output>
        </test-method> <!-- initializeBrowser -->
        <test-method signature="LoginTest()[pri:0, instance:expedia.Testcases.TC_SignInTest_001@1189dd52]" started-at="2023-06-11T21:08:51 IST" name="LoginTest" finished-at="2023-06-11T21:08:52 IST" duration-ms="881" status="PASS">
          <reporter-output>
          </reporter-output>
        </test-method> <!-- LoginTest -->
        <test-method is-config="true" signature="tearDown()[pri:0, instance:expedia.Testcases.TC_SignInTest_001@1189dd52]" started-at="2023-06-11T21:08:52 IST" name="tearDown" finished-at="2023-06-11T21:08:55 IST" duration-ms="2718" status="PASS">
          <reporter-output>
          </reporter-output>
        </test-method> <!-- tearDown -->
      </class> <!-- expedia.Testcases.TC_SignInTest_001 -->
    </test> <!-- Default test -->
  </suite> <!-- Default suite -->
</testng-results>
