<?xml version="1.0" encoding="UTF-8"?>
<!-- Generated by org.testng.reporters.JUnitXMLReporter -->
<testsuite ignored="0" hostname="KALPESH" failures="0" tests="4" name="PetTest" time="12.621" errors="0" timestamp="2023-04-23T23:08:38 IST">
  <testcase classname="api.test.UserTests2" name="testPostUser" time="4.598"/>
  <testcase classname="api.test.UserTests2" name="testGetUserByName" time="1.577"/>
  <testcase classname="api.test.UserTests2" name="testUpdateUserByName" time="3.207"/>
  <testcase classname="api.test.UserTests2" name="testDeleteUserByName" time="1.508"/>
</testsuite> <!-- PetTest -->
