<?xml version="1.0" encoding="UTF-8"?>
<!-- Generated by org.testng.reporters.JUnitXMLReporter -->
<testsuite ignored="0" hostname="KALPESH" failures="0" tests="104" name="Test1" time="201.52" errors="0" timestamp="2022-12-27T22:20:34 NZDT">
  <testcase classname="Intro_Testng_Framework.Demo2" name="method01" time="0.001"/>
  <testcase classname="Intro_Testng_Framework.Demo1" name="Gopiraj" time="0.004"/>
  <testcase classname="Intro_Testng_Framework.Demo1" name="method2" time="0.001"/>
  <testcase classname="Intro_Testng_Framework.Demo1" name="patil" time="0.001"/>
  <testcase classname="Intro_Testng_Framework.Demo3" name="vasu" time="2.019"/>
  <testcase classname="Intro_Testng_Framework.Demo3" name="vasu" time="2.01"/>
  <testcase classname="Intro_Testng_Framework.Demo3" name="vasu" time="2.02"/>
  <testcase classname="Intro_Testng_Framework.Demo3" name="vasu" time="2.013"/>
  <testcase classname="Intro_Testng_Framework.Demo3" name="vasu" time="2.017"/>
  <testcase classname="Intro_Testng_Framework.Demo3" name="vasu" time="2.015"/>
  <testcase classname="Intro_Testng_Framework.Demo3" name="vasu" time="2.011"/>
  <testcase classname="Intro_Testng_Framework.Demo3" name="vasu" time="2.014"/>
  <testcase classname="Intro_Testng_Framework.Demo3" name="vasu" time="2.002"/>
  <testcase classname="Intro_Testng_Framework.Demo3" name="vasu" time="2.017"/>
  <testcase classname="Intro_Testng_Framework.Demo3" name="vasu" time="2.015"/>
  <testcase classname="Intro_Testng_Framework.Demo3" name="vasu" time="2.013"/>
  <testcase classname="Intro_Testng_Framework.Demo3" name="vasu" time="2.012"/>
  <testcase classname="Intro_Testng_Framework.Demo3" name="vasu" time="2.009"/>
  <testcase classname="Intro_Testng_Framework.Demo3" name="vasu" time="2.017"/>
  <testcase classname="Intro_Testng_Framework.Demo3" name="vasu" time="2.005"/>
  <testcase classname="Intro_Testng_Framework.Demo3" name="vasu" time="2.014"/>
  <testcase classname="Intro_Testng_Framework.Demo3" name="vasu" time="2.006"/>
  <testcase classname="Intro_Testng_Framework.Demo3" name="vasu" time="2.008"/>
  <testcase classname="Intro_Testng_Framework.Demo3" name="vasu" time="2.02"/>
  <testcase classname="Intro_Testng_Framework.Demo3" name="vasu" time="2.014"/>
  <testcase classname="Intro_Testng_Framework.Demo3" name="vasu" time="2.007"/>
  <testcase classname="Intro_Testng_Framework.Demo3" name="vasu" time="2.008"/>
  <testcase classname="Intro_Testng_Framework.Demo3" name="vasu" time="2.004"/>
  <testcase classname="Intro_Testng_Framework.Demo3" name="vasu" time="2.01"/>
  <testcase classname="Intro_Testng_Framework.Demo3" name="vasu" time="2.014"/>
  <testcase classname="Intro_Testng_Framework.Demo3" name="vasu" time="2.014"/>
  <testcase classname="Intro_Testng_Framework.Demo3" name="vasu" time="2.011"/>
  <testcase classname="Intro_Testng_Framework.Demo3" name="vasu" time="2.022"/>
  <testcase classname="Intro_Testng_Framework.Demo3" name="vasu" time="2.016"/>
  <testcase classname="Intro_Testng_Framework.Demo3" name="vasu" time="2.012"/>
  <testcase classname="Intro_Testng_Framework.Demo3" name="vasu" time="2.014"/>
  <testcase classname="Intro_Testng_Framework.Demo3" name="vasu" time="2.027"/>
  <testcase classname="Intro_Testng_Framework.Demo3" name="vasu" time="2.01"/>
  <testcase classname="Intro_Testng_Framework.Demo3" name="vasu" time="2.01"/>
  <testcase classname="Intro_Testng_Framework.Demo3" name="vasu" time="2.001"/>
  <testcase classname="Intro_Testng_Framework.Demo3" name="vasu" time="2.009"/>
  <testcase classname="Intro_Testng_Framework.Demo3" name="vasu" time="2.009"/>
  <testcase classname="Intro_Testng_Framework.Demo3" name="vasu" time="2.014"/>
  <testcase classname="Intro_Testng_Framework.Demo3" name="vasu" time="2.008"/>
  <testcase classname="Intro_Testng_Framework.Demo3" name="vasu" time="2.012"/>
  <testcase classname="Intro_Testng_Framework.Demo3" name="vasu" time="2.014"/>
  <testcase classname="Intro_Testng_Framework.Demo3" name="vasu" time="2.016"/>
  <testcase classname="Intro_Testng_Framework.Demo3" name="vasu" time="2.006"/>
  <testcase classname="Intro_Testng_Framework.Demo3" name="vasu" time="2.011"/>
  <testcase classname="Intro_Testng_Framework.Demo3" name="vasu" time="2.016"/>
  <testcase classname="Intro_Testng_Framework.Demo3" name="vasu" time="2.011"/>
  <testcase classname="Intro_Testng_Framework.Demo3" name="vasu" time="2.012"/>
  <testcase classname="Intro_Testng_Framework.Demo3" name="vasu" time="2.017"/>
  <testcase classname="Intro_Testng_Framework.Demo3" name="vasu" time="2.017"/>
  <testcase classname="Intro_Testng_Framework.Demo3" name="vasu" time="2.009"/>
  <testcase classname="Intro_Testng_Framework.Demo3" name="vasu" time="2.007"/>
  <testcase classname="Intro_Testng_Framework.Demo3" name="vasu" time="2.007"/>
  <testcase classname="Intro_Testng_Framework.Demo3" name="vasu" time="2.012"/>
  <testcase classname="Intro_Testng_Framework.Demo3" name="vasu" time="2.02"/>
  <testcase classname="Intro_Testng_Framework.Demo3" name="vasu" time="2.016"/>
  <testcase classname="Intro_Testng_Framework.Demo3" name="vasu" time="2.016"/>
  <testcase classname="Intro_Testng_Framework.Demo3" name="vasu" time="2.004"/>
  <testcase classname="Intro_Testng_Framework.Demo3" name="vasu" time="2.006"/>
  <testcase classname="Intro_Testng_Framework.Demo3" name="vasu" time="2.013"/>
  <testcase classname="Intro_Testng_Framework.Demo3" name="vasu" time="2.018"/>
  <testcase classname="Intro_Testng_Framework.Demo3" name="vasu" time="2.017"/>
  <testcase classname="Intro_Testng_Framework.Demo3" name="vasu" time="2.002"/>
  <testcase classname="Intro_Testng_Framework.Demo3" name="vasu" time="2.008"/>
  <testcase classname="Intro_Testng_Framework.Demo3" name="vasu" time="2.019"/>
  <testcase classname="Intro_Testng_Framework.Demo3" name="vasu" time="2.011"/>
  <testcase classname="Intro_Testng_Framework.Demo3" name="vasu" time="2.016"/>
  <testcase classname="Intro_Testng_Framework.Demo3" name="vasu" time="2.009"/>
  <testcase classname="Intro_Testng_Framework.Demo3" name="vasu" time="2.007"/>
  <testcase classname="Intro_Testng_Framework.Demo3" name="vasu" time="2.02"/>
  <testcase classname="Intro_Testng_Framework.Demo3" name="vasu" time="2.006"/>
  <testcase classname="Intro_Testng_Framework.Demo3" name="vasu" time="2.009"/>
  <testcase classname="Intro_Testng_Framework.Demo3" name="vasu" time="2.005"/>
  <testcase classname="Intro_Testng_Framework.Demo3" name="vasu" time="2.003"/>
  <testcase classname="Intro_Testng_Framework.Demo3" name="vasu" time="2.016"/>
  <testcase classname="Intro_Testng_Framework.Demo3" name="vasu" time="2.011"/>
  <testcase classname="Intro_Testng_Framework.Demo3" name="vasu" time="2.015"/>
  <testcase classname="Intro_Testng_Framework.Demo3" name="vasu" time="2.012"/>
  <testcase classname="Intro_Testng_Framework.Demo3" name="vasu" time="2.012"/>
  <testcase classname="Intro_Testng_Framework.Demo3" name="vasu" time="2.016"/>
  <testcase classname="Intro_Testng_Framework.Demo3" name="vasu" time="2.009"/>
  <testcase classname="Intro_Testng_Framework.Demo3" name="vasu" time="2.013"/>
  <testcase classname="Intro_Testng_Framework.Demo3" name="vasu" time="2.004"/>
  <testcase classname="Intro_Testng_Framework.Demo3" name="vasu" time="2.014"/>
  <testcase classname="Intro_Testng_Framework.Demo3" name="vasu" time="2.005"/>
  <testcase classname="Intro_Testng_Framework.Demo3" name="vasu" time="2.018"/>
  <testcase classname="Intro_Testng_Framework.Demo3" name="vasu" time="2.003"/>
  <testcase classname="Intro_Testng_Framework.Demo3" name="vasu" time="2.015"/>
  <testcase classname="Intro_Testng_Framework.Demo3" name="vasu" time="2.013"/>
  <testcase classname="Intro_Testng_Framework.Demo3" name="vasu" time="2.009"/>
  <testcase classname="Intro_Testng_Framework.Demo3" name="vasu" time="2.012"/>
  <testcase classname="Intro_Testng_Framework.Demo3" name="vasu" time="2.019"/>
  <testcase classname="Intro_Testng_Framework.Demo3" name="vasu" time="2.002"/>
  <testcase classname="Intro_Testng_Framework.Demo3" name="vasu" time="2.015"/>
  <testcase classname="Intro_Testng_Framework.Demo3" name="vasu" time="2.018"/>
  <testcase classname="Intro_Testng_Framework.Demo3" name="vasu" time="2.003"/>
  <testcase classname="Intro_Testng_Framework.Demo3" name="vasu" time="2.013"/>
  <testcase classname="Intro_Testng_Framework.Demo3" name="vasu" time="2.015"/>
  <testcase classname="Intro_Testng_Framework.Demo3" name="vasu" time="2.007"/>
  <testcase classname="Intro_Testng_Framework.Demo3" name="vasu" time="2.008"/>
</testsuite> <!-- Test1 -->
