<?xml version="1.0" encoding="UTF-8"?>
<!-- Generated by org.testng.reporters.JUnitXMLReporter -->
<testsuite ignored="0" hostname="KALPESH" failures="0" tests="6" name="test001" time="0.039" errors="0" timestamp="2022-07-20T22:51:07 NZST">
  <testcase classname="Intro_Testng_framework003.Demo001$Demoday001" name="gopiraj" time="0.001"/>
  <testcase classname="Intro_Testng_framework003.Demo001$Demoday001" name="patil" time="0.003"/>
  <testcase classname="Intro_Testng_framework003.Demo02" name="method01" time="0.002"/>
  <testcase classname="Intro_Testng_framework003.Demo02" name="method02" time="0.003"/>
  <testcase classname="Intro_Testng_framework003.Demo02" name="method03" time="0.002"/>
  <testcase classname="Intro_Testng_framework003.Demo03" name="vasu" time="0.003"/>
</testsuite> <!-- test001 -->
