<?xml version="1.0" encoding="UTF-8"?>
<!-- Generated by org.testng.reporters.JUnitXMLReporter -->
<testsuite ignored="3" hostname="KALPESH" failures="0" tests="3" name="Test" time="0.099" errors="0" timestamp="2022-07-20T23:47:11 NZST">
  <testcase classname="Intro_Testng_framework003.Demo001$Demoday001" name="gopiraj" time="0.018"/>
  <testcase classname="Intro_Testng_framework003.Demo001$Demoday001" name="patil" time="0.002"/>
  <testcase classname="Intro_Testng_framework003.Demo03" name="vasu" time="0.006"/>
  <testcase classname="Intro_Testng_framework003.Demo02" name="method02" time="0.0">
    <ignored/>
  </testcase> <!-- method02 -->
  <testcase classname="Intro_Testng_framework003.Demo02" name="method01" time="0.0">
    <ignored/>
  </testcase> <!-- method01 -->
  <testcase classname="Intro_Testng_framework003.Demo02" name="method03" time="0.0">
    <ignored/>
  </testcase> <!-- method03 -->
</testsuite> <!-- Test -->
