<?xml version="1.0" encoding="UTF-8"?>
<!-- Generated by org.testng.reporters.JUnitXMLReporter -->
<testsuite ignored="0" hostname="KALPESH" failures="0" tests="5" name="Test" time="2.088" errors="0" timestamp="2023-01-16T20:34:43 NZDT">
  <testcase classname="Intro_Testng_Framework.Demo2" name="method01" time="0.016"/>
  <testcase classname="Intro_Testng_Framework.Demo1" name="Gopiraj" time="0.015"/>
  <testcase classname="Intro_Testng_Framework.Demo1" name="method2" time="0.003"/>
  <testcase classname="Intro_Testng_Framework.Demo1" name="patil" time="0.001"/>
  <testcase classname="Intro_Testng_Framework.Demo3" name="vasu" time="2.016"/>
</testsuite> <!-- Test -->
