<?xml version="1.0" encoding="UTF-8"?>
<testng-results ignored="0" total="1" passed="1" failed="0" skipped="0">
  <reporter-output>
  </reporter-output>
  <suite started-at="2022-07-21T22:35:00 IST" name="Default suite" finished-at="2022-07-21T22:36:00 IST" duration-ms="59572">
    <groups>
    </groups>
    <test started-at="2022-07-21T22:35:00 IST" name="Default test" finished-at="2022-07-21T22:36:00 IST" duration-ms="59572">
      <class name="Selenium_practice.extentrepo">
        <test-method is-config="true" signature="ext()[pri:0, instance:Selenium_practice.extentrepo@9597028]" started-at="2022-07-21T22:35:00 IST" name="ext" finished-at="2022-07-21T22:35:01 IST" duration-ms="378" status="PASS">
          <reporter-output>
          </reporter-output>
        </test-method> <!-- ext -->
        <test-method signature="browserint()[pri:0, instance:Selenium_practice.extentrepo@9597028]" started-at="2022-07-21T22:35:01 IST" name="browserint" finished-at="2022-07-21T22:36:00 IST" duration-ms="59132" status="PASS">
          <reporter-output>
          </reporter-output>
        </test-method> <!-- browserint -->
      </class> <!-- Selenium_practice.extentrepo -->
    </test> <!-- Default test -->
  </suite> <!-- Default suite -->
</testng-results>
